#
# There is insufficient memory for the Java Runtime Environment to continue.
# Native memory allocation (mmap) failed to map 132120576 bytes for Failed to commit area from 0x0000000082400000 to 0x000000008a200000 of length 132120576.
# Possible reasons:
#   The system is out of physical RAM or swap space
#   The process is running with CompressedOops enabled, and the Java Heap may be blocking the growth of the native heap
# Possible solutions:
#   Reduce memory load on the system
#   Increase physical memory or swap space
#   Check if swap backing store is full
#   Decrease Java heap size (-Xmx/-Xms)
#   Decrease number of Java threads
#   Decrease Java thread stack sizes (-Xss)
#   Set larger code cache with -XX:ReservedCodeCacheSize=
# This output file may be truncated or incomplete.
#
#  Out of Memory Error (t:/workspace/open/src/hotspot/os/windows/os_windows.cpp:3274), pid=13304, tid=2680
#
# JRE version:  (11.0.5+10) (build )
# Java VM: Java HotSpot(TM) 64-Bit Server VM (11.0.5+10-LTS, mixed mode, aot, sharing, tiered, compressed oops, g1 gc, windows-amd64)
# No core dump will be written. Minidumps are not enabled by default on client versions of Windows
#

---------------  S U M M A R Y ------------

Command Line: -javaagent:C:\Program Files\JetBrains\IntelliJ IDEA Community Edition 2019.3.4\lib\idea_rt.jar=62240:C:\Program Files\JetBrains\IntelliJ IDEA Community Edition 2019.3.4\bin -Dfile.encoding=UTF-8 Knacksack.subsetSum

Host: Intel(R) Core(TM) i5-8265U CPU @ 1.60GHz, 8 cores, 7G,  Windows 10 , 64 bit Build 19041 (10.0.19041.662)
Time: Thu Jan  7 21:28:43 2021 India Standard Time elapsed time: 0 seconds (0d 0h 0m 0s)

---------------  T H R E A D  ---------------

Current thread (0x000001d5c2483000):  JavaThread "Unknown thread" [_thread_in_vm, id=2680, stack(0x000000a9aaf00000,0x000000a9ab000000)]

Stack: [0x000000a9aaf00000,0x000000a9ab000000]
Native frames: (J=compiled Java code, j=interpreted, Vv=VM code, C=native code)
V  [jvm.dll+0x63611a]
V  [jvm.dll+0x77426f]
V  [jvm.dll+0x77591a]
V  [jvm.dll+0x775fd3]
V  [jvm.dll+0x25e608]
V  [jvm.dll+0x6335ca]
V  [jvm.dll+0x627f85]
V  [jvm.dll+0x314ecc]
V  [jvm.dll+0x314d52]
V  [jvm.dll+0x31a5c6]
V  [jvm.dll+0x3666bf]
V  [jvm.dll+0x3660e0]
V  [jvm.dll+0x2f1c48]
V  [jvm.dll+0x2f2db6]
V  [jvm.dll+0x74d437]
V  [jvm.dll+0x74ebaf]
V  [jvm.dll+0x3734f9]
V  [jvm.dll+0x733ae9]
V  [jvm.dll+0x3e2e1d]
V  [jvm.dll+0x3e51e1]
C  [java.exe+0x3607]
C  [java.exe+0x178dc]
C  [KERNEL32.DLL+0x17034]
C  [ntdll.dll+0x4d0d1]


---------------  P R O C E S S  ---------------

Threads class SMR info:
_java_thread_list=0x000001d5c0b00ce0, length=0, elements={
}

Java Threads: ( => current thread )

Other Threads:
  0x000001d5c249a800 GCTaskThread "GC Thread#0" [stack: 0x000000a9ab000000,0x000000a9ab100000] [id=11344]
  0x000001d5c24ca800 ConcurrentGCThread "G1 Main Marker" [stack: 0x000000a9ab100000,0x000000a9ab200000] [id=8872]
  0x000001d5c24cc800 ConcurrentGCThread "G1 Conc#0" [stack: 0x000000a9ab200000,0x000000a9ab300000] [id=7312]

[error occurred during error reporting (printing all threads), id 0xc0000005, EXCEPTION_ACCESS_VIOLATION (0xc0000005) at pc=0x00007ffba1820617]

VM state:not at safepoint (not fully initialized)

VM Mutex/Monitor currently owned by a thread:  ([mutex/lock_event])
[0x000001d5c2481b00] Heap_lock - owner thread: 0x000001d5c2483000

Heap address: 0x0000000082400000, size: 2012 MB, Compressed Oops mode: Non-zero based: 0x0000000082400000
Narrow klass base: 0x0000000000000000, Narrow klass shift: 0

GC Heap History (0 events):
No events

Deoptimization events (0 events):
No events

Classes redefined (0 events):
No events

Internal exceptions (0 events):
No events

Events (0 events):
No events


Dynamic libraries:
0x00007ff7f5c90000 - 0x00007ff7f5cd7000 	C:\Program Files\Java\jdk-11.0.5\bin\java.exe
0x00007ffbf8850000 - 0x00007ffbf8a46000 	C:\WINDOWS\SYSTEM32\ntdll.dll
0x00007ffbf76d0000 - 0x00007ffbf778d000 	C:\WINDOWS\System32\KERNEL32.DLL
0x00007ffbf6380000 - 0x00007ffbf6649000 	C:\WINDOWS\System32\KERNELBASE.dll
0x00007ffbf81d0000 - 0x00007ffbf827c000 	C:\WINDOWS\System32\ADVAPI32.dll
0x00007ffbf8280000 - 0x00007ffbf831e000 	C:\WINDOWS\System32\msvcrt.dll
0x00007ffbf7b00000 - 0x00007ffbf7b9c000 	C:\WINDOWS\System32\sechost.dll
0x00007ffbf7790000 - 0x00007ffbf78bb000 	C:\WINDOWS\System32\RPCRT4.dll
0x00007ffbf7960000 - 0x00007ffbf7b00000 	C:\WINDOWS\System32\USER32.dll
0x00007ffbf6650000 - 0x00007ffbf6672000 	C:\WINDOWS\System32\win32u.dll
0x00007ffbf78c0000 - 0x00007ffbf78ea000 	C:\WINDOWS\System32\GDI32.dll
0x00007ffbf6060000 - 0x00007ffbf6169000 	C:\WINDOWS\System32\gdi32full.dll
0x00007ffbf5f90000 - 0x00007ffbf602d000 	C:\WINDOWS\System32\msvcp_win.dll
0x00007ffbf6750000 - 0x00007ffbf6850000 	C:\WINDOWS\System32\ucrtbase.dll
0x00007ffbdea90000 - 0x00007ffbded2b000 	C:\WINDOWS\WinSxS\amd64_microsoft.windows.common-controls_6595b64144ccf1df_6.0.19041.488_none_ca04af081b815d21\COMCTL32.dll
0x00007ffbece70000 - 0x00007ffbece7a000 	C:\WINDOWS\SYSTEM32\VERSION.dll
0x00007ffbf6ec0000 - 0x00007ffbf6ef0000 	C:\WINDOWS\System32\IMM32.DLL
0x00007ffbee5e0000 - 0x00007ffbee5f6000 	C:\Program Files\Java\jdk-11.0.5\bin\vcruntime140.dll
0x00007ffbd1f80000 - 0x00007ffbd202a000 	C:\Program Files\Java\jdk-11.0.5\bin\msvcp140.dll
0x00007ffba1520000 - 0x00007ffba2048000 	C:\Program Files\Java\jdk-11.0.5\bin\server\jvm.dll
0x00007ffbf6e00000 - 0x00007ffbf6e08000 	C:\WINDOWS\System32\PSAPI.DLL
0x00007ffbd7160000 - 0x00007ffbd7187000 	C:\WINDOWS\SYSTEM32\WINMM.dll
0x00007ffbef750000 - 0x00007ffbef759000 	C:\WINDOWS\SYSTEM32\WSOCK32.dll
0x00007ffbf6ef0000 - 0x00007ffbf6f5b000 	C:\WINDOWS\System32\WS2_32.dll
0x00007ffbf48c0000 - 0x00007ffbf48d2000 	C:\WINDOWS\SYSTEM32\kernel.appcore.dll
0x00007ffbee4f0000 - 0x00007ffbee501000 	C:\Program Files\Java\jdk-11.0.5\bin\verify.dll
0x00007ffbf0c20000 - 0x00007ffbf0e04000 	C:\WINDOWS\SYSTEM32\DBGHELP.DLL
0x00007ffbddbb0000 - 0x00007ffbddbdc000 	C:\WINDOWS\SYSTEM32\dbgcore.DLL
0x00007ffbf6680000 - 0x00007ffbf6700000 	C:\WINDOWS\System32\bcryptPrimitives.dll
0x00007ffbd6b50000 - 0x00007ffbd6b79000 	C:\Program Files\Java\jdk-11.0.5\bin\java.dll
0x00007ffbd6a70000 - 0x00007ffbd6a9f000 	C:\Program Files\Java\jdk-11.0.5\bin\instrument.dll
0x00007ffbee4d0000 - 0x00007ffbee4e6000 	C:\Program Files\Java\jdk-11.0.5\bin\zip.dll
0x00007ffbec720000 - 0x00007ffbec72a000 	C:\Program Files\Java\jdk-11.0.5\bin\jimage.dll

dbghelp: loaded successfully - version: 4.0.5 - missing functions: none
symbol engine: initialized successfully - sym options: 0x614 - pdb path: .;C:\Program Files\Java\jdk-11.0.5\bin;C:\WINDOWS\SYSTEM32;C:\WINDOWS\WinSxS\amd64_microsoft.windows.common-controls_6595b64144ccf1df_6.0.19041.488_none_ca04af081b815d21;C:\Program Files\Java\jdk-11.0.5\bin\server

VM Arguments:
jvm_args: -javaagent:C:\Program Files\JetBrains\IntelliJ IDEA Community Edition 2019.3.4\lib\idea_rt.jar=62240:C:\Program Files\JetBrains\IntelliJ IDEA Community Edition 2019.3.4\bin -Dfile.encoding=UTF-8 
java_command: Knacksack.subsetSum
java_class_path (initial): C:\Users\Ankit kumar\OneDrive\Desktop\Dynaamic Programming\out\production\Dynaamic Programming
Launcher Type: SUN_STANDARD

[Global flags]
     intx CICompilerCount                          = 4                                         {product} {ergonomic}
     uint ConcGCThreads                            = 2                                         {product} {ergonomic}
     uint G1ConcRefinementThreads                  = 8                                         {product} {ergonomic}
   size_t G1HeapRegionSize                         = 1048576                                   {product} {ergonomic}
    uintx GCDrainStackTargetSize                   = 64                                        {product} {ergonomic}
   size_t InitialHeapSize                          = 132120576                                 {product} {ergonomic}
   size_t MarkStackSize                            = 4194304                                   {product} {ergonomic}
   size_t MaxHeapSize                              = 2109734912                                {product} {ergonomic}
   size_t MinHeapDeltaBytes                        = 1048576                                   {product} {ergonomic}
    uintx NonNMethodCodeHeapSize                   = 5836300                                {pd product} {ergonomic}
    uintx NonProfiledCodeHeapSize                  = 122910970                              {pd product} {ergonomic}
    uintx ProfiledCodeHeapSize                     = 122910970                              {pd product} {ergonomic}
    uintx ReservedCodeCacheSize                    = 251658240                              {pd product} {ergonomic}
     bool SegmentedCodeCache                       = true                                      {product} {ergonomic}
     bool UseCompressedClassPointers               = true                                 {lp64_product} {ergonomic}
     bool UseCompressedOops                        = true                                 {lp64_product} {ergonomic}
     bool UseG1GC                                  = true                                      {product} {ergonomic}
     bool UseLargePagesIndividualAllocation        = false                                  {pd product} {ergonomic}

Logging:
Log output configuration:
 #0: stdout all=warning uptime,level,tags
 #1: stderr all=off uptime,level,tags

Environment Variables:
PATH=C:\Users\Ankit kumar\AppData\Local\Android\Sdk\platform-tools;C:\Windows;C:\Windows\System32\Wbem;C:\Windows\System32\WindowsPowerShell\v1.0\;C:\Windows\System32\OpenSSH\;C:\Program Files (x86)\NVIDIA Corporation\PhysX\Common;C:\Program Files\Intel\WiFi\bin\;C:\Program Files\Common Files\Intel\WirelessCommon\;C:\Program Files\Java\jdk-11.0.5\bin;C:\WINDOWS\system32;C:\WINDOWS;C:\WINDOWS\System32\Wbem;C:\WINDOWS\System32\WindowsPowerShell\v1.0\;C:\WINDOWS\System32\OpenSSH\;C:\Program Files\Git\cmd;C:\Users\Ankit kumar\AppData\Local\Microsoft\WindowsApps;C:\Users\Ankit kumar\AppData\Local\GitHubDesktop\bin;C:\Users\Ankit kumar\AppData\Local\atom\bin
USERNAME=Ankit kumar
OS=Windows_NT
PROCESSOR_IDENTIFIER=Intel64 Family 6 Model 142 Stepping 12, GenuineIntel



---------------  S Y S T E M  ---------------

OS: Windows 10 , 64 bit Build 19041 (10.0.19041.662)

CPU:total 8 (initial active 8) (4 cores per cpu, 2 threads per core) family 6 model 142 stepping 12, cmov, cx8, fxsr, mmx, sse, sse2, sse3, ssse3, sse4.1, sse4.2, popcnt, avx, avx2, aes, clmul, erms, 3dnowpref, lzcnt, ht, tsc, tscinvbit, bmi1, bmi2, adx, fma

Memory: 4k page, system-wide physical 8043M (1352M free)
TotalPageFile size 8043M (AvailPageFile size 98M)
current process WorkingSet (physical memory assigned to process): 10M, peak: 10M
current process commit charge ("private bytes"): 60M, peak: 186M

vm_info: Java HotSpot(TM) 64-Bit Server VM (11.0.5+10-LTS) for windows-amd64 JRE (11.0.5+10-LTS), built on Oct  6 2019 12:37:14 by "mach5one" with MS VC++ 15.5 (VS2017)

END.
